2026-02-26 19:20:11,691 - django.utils.autoreload - INFO - Watching for file changes with StatReloader
2026-02-26 19:20:24,175 - user.views - INFO - User 'BatuhanYýlmaz' logged in successfully.
2026-02-26 19:20:35,068 - user.views - INFO - User '' logged out successfully.
2026-02-26 19:21:03,433 - user.views - INFO - New user registered: 'Recep' (ID: 6)
2026-02-26 19:21:08,630 - user.views - INFO - User 'Recep' logged in successfully.
2026-02-26 19:21:10,751 - patient.views - INFO - PatientListView: search query - None
2026-02-26 19:30:45,331 - django.utils.autoreload - INFO - Watching for file changes with StatReloader
2026-02-26 19:30:46,666 - user.views - INFO - User 'Recep' logged in successfully.
2026-02-26 19:30:50,925 - patient.views - INFO - PatientListView: search query - None
2026-02-26 20:36:56,034 - django.utils.autoreload - INFO - Watching for file changes with StatReloader
2026-02-26 20:36:57,775 - user.views - INFO - User 'Recep' logged in successfully.
2026-02-26 21:38:49,136 - django.utils.autoreload - INFO - Watching for file changes with StatReloader
2026-02-26 21:38:50,978 - user.views - INFO - User 'Recep' logged in successfully.
2026-02-26 21:39:00,689 - patient.views - INFO - PatientListView: search query - None
2026-02-26 21:39:04,861 - django.request - WARNING - Not Found: /doctors/1/
2026-02-26 21:39:07,374 - django.request - WARNING - Not Found: /doctors/2/
2026-02-26 21:48:56,059 - django.utils.autoreload - INFO - Watching for file changes with StatReloader
2026-02-26 21:48:57,519 - user.views - INFO - User 'Recep' logged in successfully.
2026-02-26 21:49:46,539 - appointment.views - INFO - Appointment created: Batuhan Yýlmaz (11111111111) - Recep Tayyip Erdoðan - Genel TÄ±p
2026-02-26 21:50:23,300 - patient.views - INFO - PatientListView: search query - None
2026-02-26 21:50:26,246 - patient.views - INFO - PatientListView: search query - None
2026-02-26 21:50:28,951 - user.views - INFO - User '' logged out successfully.
2026-02-26 21:50:54,018 - user.views - INFO - New user registered: 'Sekreter' (ID: 7)
2026-02-26 21:50:59,023 - user.views - INFO - User 'Sekreter' logged in successfully.
2026-02-26 21:51:07,024 - patient.views - INFO - PatientListView: search query - None
2026-02-26 21:51:17,387 - patient.views - INFO - PatientListView: search query - None
